<?xml version="1.0" encoding="UTF-8"?>
<testsuite xmlns:xsi="http://www.w3.org/2001/XMLSchema-instance" xsi:noNamespaceSchemaLocation="https://maven.apache.org/surefire/maven-surefire-plugin/xsd/surefire-test-report-3.0.xsd" version="3.0" name="edu.ucsb.cs156.example.controllers.HelpRequestControllerTests" time="0.221" tests="13" errors="0" skipped="0" failures="0">
  <properties>
[...]
</properties>
  <testcase name="admin_can_delete_a_helprequest" classname="edu.ucsb.cs156.example.controllers.HelpRequestControllerTests" time="0.007">
    <system-out><![CDATA[2024-10-25T18:34:20.976-07:00  INFO 72067 --- [           main] t.c.s.AnnotationConfigContextLoaderUtils : Could not detect default configuration classes for test class [edu.ucsb.cs156.example.controllers.HelpRequestControllerTests]: HelpRequestControllerTests does not declare any static, non-private, non-final, nested classes annotated with @Configuration.
2024-10-25T18:34:20.978-07:00  INFO 72067 --- [           main] .b.t.c.SpringBootTestContextBootstrapper : Found @SpringBootConfiguration edu.ucsb.cs156.example.ExampleApplication for test class edu.ucsb.cs156.example.controllers.HelpRequestControllerTests
2024-10-25T18:34:20.980-07:00  INFO 72067 --- [           main] o.s.b.d.r.RestartApplicationListener     : Restart disabled due to context in which it is running

  .   ____          _            __ _ _
 /\\ / ___'_ __ _ _(_)_ __  __ _ \ \ \ \
( ( )\___ | '_ | '_| | '_ \/ _` | \ \ \ \
 \\/  ___)| |_)| | | | | || (_| |  ) ) ) )
  '  |____| .__|_| |_|_| |_\__, | / / / /
 =========|_|==============|___/=/_/_/_/

 :: Spring Boot ::                (v3.3.4)

2024-10-25T18:34:20.986-07:00  INFO 72067 --- [           main] m.p.springdotenv.DotenvPropertySource    : Initializing Dotenv with DotenvConfig{directory=null, filename=null, ignoreIfMalformed=false, ignoreIfMissing=true, systemProperties=false}
2024-10-25T18:34:20.987-07:00  INFO 72067 --- [           main] e.u.c.e.c.HelpRequestControllerTests     : Starting HelpRequestControllerTests using Java 21.0.4 with PID 72067 (started by eugenewong in /Users/eugenewong/Documents/cs156/team01-f24-07)
2024-10-25T18:34:20.987-07:00  INFO 72067 --- [           main] e.u.c.e.c.HelpRequestControllerTests     : The following 1 profile is active: "test"
2024-10-25T18:34:21.116-07:00  WARN 72067 --- [           main] o.s.s.c.a.web.builders.WebSecurity       : You are asking Spring Security to ignore Ant [pattern='/h2-console/**']. This is not recommended -- please use permitAll via HttpSecurity#authorizeHttpRequests instead.
2024-10-25T18:34:21.150-07:00  INFO 72067 --- [           main] o.s.b.t.m.w.SpringBootMockServletContext : Initializing Spring TestDispatcherServlet ''
2024-10-25T18:34:21.150-07:00  INFO 72067 --- [           main] o.s.t.web.servlet.TestDispatcherServlet  : Initializing Servlet ''
2024-10-25T18:34:21.150-07:00  INFO 72067 --- [           main] o.s.t.web.servlet.TestDispatcherServlet  : Completed initialization in 0 ms
2024-10-25T18:34:21.153-07:00  INFO 72067 --- [           main] e.u.c.e.c.HelpRequestControllerTests     : Started HelpRequestControllerTests in 0.173 seconds (process running for 6.921)
]]></system-out>
  </testcase>
  <testcase name="logged_out_users_cannot_post" classname="edu.ucsb.cs156.example.controllers.HelpRequestControllerTests" time="0.002"/>
  <testcase name="logged_in_user_can_get_all_helprequests" classname="edu.ucsb.cs156.example.controllers.HelpRequestControllerTests" time="0.004"/>
  <testcase name="logged_out_users_cannot_get_all" classname="edu.ucsb.cs156.example.controllers.HelpRequestControllerTests" time="0.001"/>
  <testcase name="logged_in_regular_users_cannot_post" classname="edu.ucsb.cs156.example.controllers.HelpRequestControllerTests" time="0.001"/>
  <testcase name="logged_in_users_can_get_all" classname="edu.ucsb.cs156.example.controllers.HelpRequestControllerTests" time="0.002"/>
  <testcase name="admin_tries_to_delete_non_existant_helprequest_and_gets_right_error_message" classname="edu.ucsb.cs156.example.controllers.HelpRequestControllerTests" time="0.002"/>
  <testcase name="admin_cannot_edit_helprequest_that_does_not_exist" classname="edu.ucsb.cs156.example.controllers.HelpRequestControllerTests" time="0.004"/>
  <testcase name="admin_can_edit_an_existing_helprequest" classname="edu.ucsb.cs156.example.controllers.HelpRequestControllerTests" time="0.004"/>
  <testcase name="logged_out_users_cannot_get_by_id" classname="edu.ucsb.cs156.example.controllers.HelpRequestControllerTests" time="0.002"/>
  <testcase name="test_that_logged_in_user_can_get_by_id_when_the_id_exists" classname="edu.ucsb.cs156.example.controllers.HelpRequestControllerTests" time="0.002"/>
  <testcase name="test_that_logged_in_user_can_get_by_id_when_the_id_does_not_exist" classname="edu.ucsb.cs156.example.controllers.HelpRequestControllerTests" time="0.002"/>
  <testcase name="an_admin_user_can_post_a_new_helprequest" classname="edu.ucsb.cs156.example.controllers.HelpRequestControllerTests" time="0.004">
    <system-out><![CDATA[2024-10-25T18:34:21.194-07:00  INFO 72067 --- [           main] e.u.c.e.c.HelpRequestsController         : localDateTime=2022-01-03T00:00
]]></system-out>
  </testcase>
</testsuite>